<?xml version="1.0" encoding="UTF-8"?>
<!-- Generated by org.testng.reporters.JUnitReportReporter -->
<testsuite skipped="0" hostname="FHLT0014" name="sample1.StudentRegisterationForm" tests="1" failures="0" timestamp="2019-09-20T11:31:33 IST" time="9.066" errors="0">
  <testcase name="enterRegisterationForm" time="9.066" classname="sample1.StudentRegisterationForm"/>
</testsuite> <!-- sample1.StudentRegisterationForm -->
