<?xml version="1.0" encoding="UTF-8"?>
<!-- Generated by org.testng.reporters.JUnitReportReporter -->
<testsuite skipped="0" hostname="FHLT0014" name="sample1.Test1" tests="1" failures="0" timestamp="2019-09-20T09:34:41 IST" time="0.008" errors="0">
  <testcase name="test_01" time="0.008" classname="sample1.Test1"/>
</testsuite> <!-- sample1.Test1 -->
